<?xml version='1.0'?>
<ns2:test-suite xmlns:ns2='urn:model.allure.qatools.yandex.ru' start='1660315666335' stop='1660316106247'>
    <name>run the calculator</name>
    <title>run the calculator</title>
    <test-cases>
        <test-case start='1660315666339' status='passed' stop='1660315666473'>
            <name>Verify url</name>
            <title>Verify url</title>
            <labels>
                <label name='language' value='javascript'/>
                <label name='framework' value='wdio'/>
                <label name='thread' value='0-0'/>
            </labels>
            <parameters>
                <parameter kind='argument' name='browser' value='chrome-104.0.5112.81'/>
            </parameters>
            <steps>
                <step start='1660315666372' status='undefined'>
                    <name>POST /session/:sessionId/url</name>
                    <title>POST /session/:sessionId/url</title>
                    <attachments>
                        <attachment title='Request' source='32b7da8d-9e71-4dd4-97a3-d4a835486bf1-attachment.json' type='application/json' size='80'/>
                    </attachments>
                    <steps/>
                </step>
            </steps>
            <attachments/>
        </test-case>
        <test-case start='1660315666485' status='broken' stop='1660315726552'>
            <name>should set/get value for current age element</name>
            <title>should set/get value for current age element</title>
            <labels>
                <label name='language' value='javascript'/>
                <label name='framework' value='wdio'/>
                <label name='thread' value='0-0'/>
            </labels>
            <parameters>
                <parameter kind='argument' name='browser' value='chrome-104.0.5112.81'/>
            </parameters>
            <steps>
                <step start='1660315666566' status='broken' stop='1660315726551'>
                    <name>POST /session/:sessionId/element</name>
                    <title>POST /session/:sessionId/element</title>
                    <attachments>
                        <attachment title='Request' source='6fcc188f-746c-41ae-96cd-7ca895fd6d38-attachment.json' type='application/json' size='56'/>
                    </attachments>
                    <steps/>
                </step>
            </steps>
            <attachments/>
            <failure>
                <message>Timeout of 60000ms exceeded. The execution in the test "run the calculator should set/get value for current age element" took too long. Try to reduce the run time or increase your timeout for test specs (https://webdriver.io/docs/timeouts). (C:\Users\Owner\Documents\Webdriver-io-Practice\test\specs\calculator.e2e.js)</message>
                <stack-trace>Error: Timeout of 60000ms exceeded. The execution in the test "run the calculator should set/get value for current age element" took too long. Try to reduce the run time or increase your timeout for test specs (https://webdriver.io/docs/timeouts). (C:\Users\Owner\Documents\Webdriver-io-Practice\test\specs\calculator.e2e.js)
                    at createTimeoutError (C:\Users\Owner\Documents\Webdriver-io-Practice\node_modules\mocha\lib\errors.js:498:15)
                    at Test.Runnable._timeoutError (C:\Users\Owner\Documents\Webdriver-io-Practice\node_modules\mocha\lib\runnable.js:431:10)
                    at Timeout.&lt;anonymous> (C:\Users\Owner\Documents\Webdriver-io-Practice\node_modules\mocha\lib\runnable.js:246:24)
                    at listOnTimeout (node:internal/timers:559:17)
                    at processTimers (node:internal/timers:502:7)</stack-trace>
            </failure>
        </test-case>
        <test-case start='1660315726565' status='broken' stop='1660315786590'>
            <name>should set/get value for what age do you plan to retire element</name>
            <title>should set/get value for what age do you plan to retire element</title>
            <labels>
                <label name='language' value='javascript'/>
                <label name='framework' value='wdio'/>
                <label name='thread' value='0-0'/>
            </labels>
            <parameters>
                <parameter kind='argument' name='browser' value='chrome-104.0.5112.81'/>
            </parameters>
            <steps>
                <step start='1660315726574' status='broken' stop='1660315786590'>
                    <name>POST /session/:sessionId/element</name>
                    <title>POST /session/:sessionId/element</title>
                    <attachments>
                        <attachment title='Request' source='415f6cae-6dc2-4982-9f9e-b01711ed545a-attachment.json' type='application/json' size='59'/>
                    </attachments>
                    <steps/>
                </step>
            </steps>
            <attachments/>
            <failure>
                <message>Timeout of 60000ms exceeded. The execution in the test "run the calculator should set/get value for what age do you plan to retire element" took too long. Try to reduce the run time or increase your timeout for test specs (https://webdriver.io/docs/timeouts). (C:\Users\Owner\Documents\Webdriver-io-Practice\test\specs\calculator.e2e.js)</message>
                <stack-trace>Error: Timeout of 60000ms exceeded. The execution in the test "run the calculator should set/get value for what age do you plan to retire element" took too long. Try to reduce the run time or increase your timeout for test specs (https://webdriver.io/docs/timeouts). (C:\Users\Owner\Documents\Webdriver-io-Practice\test\specs\calculator.e2e.js)
                    at createTimeoutError (C:\Users\Owner\Documents\Webdriver-io-Practice\node_modules\mocha\lib\errors.js:498:15)
                    at Test.Runnable._timeoutError (C:\Users\Owner\Documents\Webdriver-io-Practice\node_modules\mocha\lib\runnable.js:431:10)
                    at Timeout.&lt;anonymous> (C:\Users\Owner\Documents\Webdriver-io-Practice\node_modules\mocha\lib\runnable.js:246:24)
                    at listOnTimeout (node:internal/timers:559:17)
                    at processTimers (node:internal/timers:502:7)</stack-trace>
            </failure>
        </test-case>
        <test-case start='1660315786593' status='broken' stop='1660315846668'>
            <name>should set/get value for What is your current annual income element</name>
            <title>should set/get value for What is your current annual income element</title>
            <labels>
                <label name='language' value='javascript'/>
                <label name='framework' value='wdio'/>
                <label name='thread' value='0-0'/>
            </labels>
            <parameters>
                <parameter kind='argument' name='browser' value='chrome-104.0.5112.81'/>
            </parameters>
            <steps>
                <step start='1660315786610' status='broken' stop='1660315846668'>
                    <name>POST /session/:sessionId/element</name>
                    <title>POST /session/:sessionId/element</title>
                    <attachments>
                        <attachment title='Request' source='9230ae98-455b-4fa7-a1b4-cfb9b06d000c-attachment.json' type='application/json' size='59'/>
                    </attachments>
                    <steps/>
                </step>
            </steps>
            <attachments/>
            <failure>
                <message>Timeout of 60000ms exceeded. The execution in the test "run the calculator should set/get value for What is your current annual income element" took too long. Try to reduce the run time or increase your timeout for test specs (https://webdriver.io/docs/timeouts). (C:\Users\Owner\Documents\Webdriver-io-Practice\test\specs\calculator.e2e.js)</message>
                <stack-trace>Error: Timeout of 60000ms exceeded. The execution in the test "run the calculator should set/get value for What is your current annual income element" took too long. Try to reduce the run time or increase your timeout for test specs (https://webdriver.io/docs/timeouts). (C:\Users\Owner\Documents\Webdriver-io-Practice\test\specs\calculator.e2e.js)
                    at createTimeoutError (C:\Users\Owner\Documents\Webdriver-io-Practice\node_modules\mocha\lib\errors.js:498:15)
                    at Test.Runnable._timeoutError (C:\Users\Owner\Documents\Webdriver-io-Practice\node_modules\mocha\lib\runnable.js:431:10)
                    at Timeout.&lt;anonymous> (C:\Users\Owner\Documents\Webdriver-io-Practice\node_modules\mocha\lib\runnable.js:246:24)
                    at listOnTimeout (node:internal/timers:559:17)
                    at processTimers (node:internal/timers:502:7)</stack-trace>
            </failure>
        </test-case>
        <test-case start='1660315846682' status='broken' stop='1660315906702'>
            <name>should set/get value for What is your spouses annual income</name>
            <title>should set/get value for What is your spouses annual income</title>
            <labels>
                <label name='language' value='javascript'/>
                <label name='framework' value='wdio'/>
                <label name='thread' value='0-0'/>
            </labels>
            <parameters>
                <parameter kind='argument' name='browser' value='chrome-104.0.5112.81'/>
            </parameters>
            <steps>
                <step start='1660315846706' status='broken' stop='1660315906702'>
                    <name>POST /session/:sessionId/element</name>
                    <title>POST /session/:sessionId/element</title>
                    <attachments>
                        <attachment title='Request' source='1f08228d-0fa5-47f0-8d2c-646851bfb487-attachment.json' type='application/json' size='58'/>
                    </attachments>
                    <steps/>
                </step>
            </steps>
            <attachments/>
            <failure>
                <message>Timeout of 60000ms exceeded. The execution in the test "run the calculator should set/get value for What is your spouses annual income" took too long. Try to reduce the run time or increase your timeout for test specs (https://webdriver.io/docs/timeouts). (C:\Users\Owner\Documents\Webdriver-io-Practice\test\specs\calculator.e2e.js)</message>
                <stack-trace>Error: Timeout of 60000ms exceeded. The execution in the test "run the calculator should set/get value for What is your spouses annual income" took too long. Try to reduce the run time or increase your timeout for test specs (https://webdriver.io/docs/timeouts). (C:\Users\Owner\Documents\Webdriver-io-Practice\test\specs\calculator.e2e.js)
                    at createTimeoutError (C:\Users\Owner\Documents\Webdriver-io-Practice\node_modules\mocha\lib\errors.js:498:15)
                    at Test.Runnable._timeoutError (C:\Users\Owner\Documents\Webdriver-io-Practice\node_modules\mocha\lib\runnable.js:431:10)
                    at Timeout.&lt;anonymous> (C:\Users\Owner\Documents\Webdriver-io-Practice\node_modules\mocha\lib\runnable.js:246:24)
                    at listOnTimeout (node:internal/timers:559:17)
                    at processTimers (node:internal/timers:502:7)</stack-trace>
            </failure>
        </test-case>
        <test-case start='1660315906726' status='broken' stop='1660315966811'>
            <name>should set/get value for What is your current retirement savings balance</name>
            <title>should set/get value for What is your current retirement savings balance</title>
            <labels>
                <label name='language' value='javascript'/>
                <label name='framework' value='wdio'/>
                <label name='thread' value='0-0'/>
            </labels>
            <parameters>
                <parameter kind='argument' name='browser' value='chrome-104.0.5112.81'/>
            </parameters>
            <steps>
                <step start='1660315906770' status='broken' stop='1660315966810'>
                    <name>POST /session/:sessionId/element</name>
                    <title>POST /session/:sessionId/element</title>
                    <attachments>
                        <attachment title='Request' source='e1fc86b5-22ff-4668-b77d-88bf86ce1c2e-attachment.json' type='application/json' size='66'/>
                    </attachments>
                    <steps/>
                </step>
            </steps>
            <attachments/>
            <failure>
                <message>Timeout of 60000ms exceeded. The execution in the test "run the calculator should set/get value for What is your current retirement savings balance" took too long. Try to reduce the run time or increase your timeout for test specs (https://webdriver.io/docs/timeouts). (C:\Users\Owner\Documents\Webdriver-io-Practice\test\specs\calculator.e2e.js)</message>
                <stack-trace>Error: Timeout of 60000ms exceeded. The execution in the test "run the calculator should set/get value for What is your current retirement savings balance" took too long. Try to reduce the run time or increase your timeout for test specs (https://webdriver.io/docs/timeouts). (C:\Users\Owner\Documents\Webdriver-io-Practice\test\specs\calculator.e2e.js)
                    at createTimeoutError (C:\Users\Owner\Documents\Webdriver-io-Practice\node_modules\mocha\lib\errors.js:498:15)
                    at Test.Runnable._timeoutError (C:\Users\Owner\Documents\Webdriver-io-Practice\node_modules\mocha\lib\runnable.js:431:10)
                    at Timeout.&lt;anonymous> (C:\Users\Owner\Documents\Webdriver-io-Practice\node_modules\mocha\lib\runnable.js:246:24)
                    at listOnTimeout (node:internal/timers:559:17)
                    at processTimers (node:internal/timers:502:7)</stack-trace>
            </failure>
        </test-case>
        <test-case start='1660315966827' status='broken' stop='1660316026867'>
            <name>should set/get value for How much are you currently saving each year for retirement</name>
            <title>should set/get value for How much are you currently saving each year for retirement</title>
            <labels>
                <label name='language' value='javascript'/>
                <label name='framework' value='wdio'/>
                <label name='thread' value='0-0'/>
            </labels>
            <parameters>
                <parameter kind='argument' name='browser' value='chrome-104.0.5112.81'/>
            </parameters>
            <steps>
                <step start='1660315966839' status='broken' stop='1660316026867'>
                    <name>POST /session/:sessionId/element</name>
                    <title>POST /session/:sessionId/element</title>
                    <attachments>
                        <attachment title='Request' source='22da23fc-9952-496e-81d4-30ee5612e861-attachment.json' type='application/json' size='67'/>
                    </attachments>
                    <steps/>
                </step>
            </steps>
            <attachments/>
            <failure>
                <message>Timeout of 60000ms exceeded. The execution in the test "run the calculator should set/get value for How much are you currently saving each year for retirement" took too long. Try to reduce the run time or increase your timeout for test specs (https://webdriver.io/docs/timeouts). (C:\Users\Owner\Documents\Webdriver-io-Practice\test\specs\calculator.e2e.js)</message>
                <stack-trace>Error: Timeout of 60000ms exceeded. The execution in the test "run the calculator should set/get value for How much are you currently saving each year for retirement" took too long. Try to reduce the run time or increase your timeout for test specs (https://webdriver.io/docs/timeouts). (C:\Users\Owner\Documents\Webdriver-io-Practice\test\specs\calculator.e2e.js)
                    at createTimeoutError (C:\Users\Owner\Documents\Webdriver-io-Practice\node_modules\mocha\lib\errors.js:498:15)
                    at Test.Runnable._timeoutError (C:\Users\Owner\Documents\Webdriver-io-Practice\node_modules\mocha\lib\runnable.js:431:10)
                    at Timeout.&lt;anonymous> (C:\Users\Owner\Documents\Webdriver-io-Practice\node_modules\mocha\lib\runnable.js:246:24)
                    at listOnTimeout (node:internal/timers:559:17)
                    at processTimers (node:internal/timers:502:7)</stack-trace>
            </failure>
        </test-case>
        <test-case start='1660316026873' status='broken' stop='1660316086925'>
            <name>should set/get value for What is the rate of increase in your savings each year</name>
            <title>should set/get value for What is the rate of increase in your savings each year</title>
            <labels>
                <label name='language' value='javascript'/>
                <label name='framework' value='wdio'/>
                <label name='thread' value='0-0'/>
            </labels>
            <parameters>
                <parameter kind='argument' name='browser' value='chrome-104.0.5112.81'/>
            </parameters>
            <steps>
                <step start='1660316026891' status='broken' stop='1660316086925'>
                    <name>POST /session/:sessionId/element</name>
                    <title>POST /session/:sessionId/element</title>
                    <attachments>
                        <attachment title='Request' source='b1f94925-a8d3-4a36-92e6-1cf74a492573-attachment.json' type='application/json' size='66'/>
                    </attachments>
                    <steps/>
                </step>
            </steps>
            <attachments/>
            <failure>
                <message>Timeout of 60000ms exceeded. The execution in the test "run the calculator should set/get value for What is the rate of increase in your savings each year" took too long. Try to reduce the run time or increase your timeout for test specs (https://webdriver.io/docs/timeouts). (C:\Users\Owner\Documents\Webdriver-io-Practice\test\specs\calculator.e2e.js)</message>
                <stack-trace>Error: Timeout of 60000ms exceeded. The execution in the test "run the calculator should set/get value for What is the rate of increase in your savings each year" took too long. Try to reduce the run time or increase your timeout for test specs (https://webdriver.io/docs/timeouts). (C:\Users\Owner\Documents\Webdriver-io-Practice\test\specs\calculator.e2e.js)
                    at createTimeoutError (C:\Users\Owner\Documents\Webdriver-io-Practice\node_modules\mocha\lib\errors.js:498:15)
                    at Test.Runnable._timeoutError (C:\Users\Owner\Documents\Webdriver-io-Practice\node_modules\mocha\lib\runnable.js:431:10)
                    at Timeout.&lt;anonymous> (C:\Users\Owner\Documents\Webdriver-io-Practice\node_modules\mocha\lib\runnable.js:246:24)
                    at listOnTimeout (node:internal/timers:559:17)
                    at processTimers (node:internal/timers:502:7)</stack-trace>
            </failure>
        </test-case>
        <test-case start='1660316086929' status='broken' stop='1660316105890'>
            <name>should wait until text has changed</name>
            <title>should wait until text has changed</title>
            <labels>
                <label name='language' value='javascript'/>
                <label name='framework' value='wdio'/>
                <label name='thread' value='0-0'/>
            </labels>
            <parameters>
                <parameter kind='argument' name='browser' value='chrome-104.0.5112.81'/>
            </parameters>
            <steps>
                <step start='1660316086945' status='broken' stop='1660316105889'>
                    <name>POST /session/:sessionId/element</name>
                    <title>POST /session/:sessionId/element</title>
                    <attachments>
                        <attachment title='Request' source='a1f3dfd0-9589-4d0e-a3e6-0d5e0b8aebbd-attachment.json' type='application/json' size='56'/>
                    </attachments>
                    <steps>
                        <step start='1660316103287' status='broken' stop='1660316105889'>
                            <name>GET /session/:sessionId/screenshot</name>
                            <title>GET /session/:sessionId/screenshot</title>
                            <attachments/>
                            <steps>
                                <step start='1660316103635' status='broken' stop='1660316105889'>
                                    <name>GET /session/:sessionId/screenshot</name>
                                    <title>GET /session/:sessionId/screenshot</title>
                                    <attachments/>
                                    <steps>
                                        <step start='1660316103931' status='broken' stop='1660316105889'>
                                            <name>GET /session/:sessionId/screenshot</name>
                                            <title>GET /session/:sessionId/screenshot</title>
                                            <attachments/>
                                            <steps>
                                                <step start='1660316104290' status='broken' stop='1660316105889'>
                                                    <name>GET /session/:sessionId/screenshot</name>
                                                    <title>GET /session/:sessionId/screenshot</title>
                                                    <attachments/>
                                                    <steps>
                                                        <step start='1660316104599' status='broken' stop='1660316105889'>
                                                            <name>GET /session/:sessionId/screenshot</name>
                                                            <title>GET /session/:sessionId/screenshot</title>
                                                            <attachments/>
                                                            <steps>
                                                                <step start='1660316104862' status='broken' stop='1660316105889'>
                                                                    <name>GET /session/:sessionId/screenshot</name>
                                                                    <title>GET /session/:sessionId/screenshot</title>
                                                                    <attachments/>
                                                                    <steps>
                                                                        <step start='1660316105040' status='broken' stop='1660316105889'>
                                                                            <name>GET /session/:sessionId/screenshot</name>
                                                                            <title>GET /session/:sessionId/screenshot</title>
                                                                            <attachments/>
                                                                            <steps>
                                                                                <step start='1660316105103' status='broken' stop='1660316105889'>
                                                                                    <name>GET /session/:sessionId/screenshot</name>
                                                                                    <title>GET /session/:sessionId/screenshot</title>
                                                                                    <attachments/>
                                                                                    <steps/>
                                                                                </step>
                                                                            </steps>
                                                                        </step>
                                                                    </steps>
                                                                </step>
                                                            </steps>
                                                        </step>
                                                    </steps>
                                                </step>
                                            </steps>
                                        </step>
                                    </steps>
                                </step>
                            </steps>
                        </step>
                    </steps>
                </step>
            </steps>
            <attachments/>
            <failure>
                <message>no such window: target window already closed
                from unknown error: web view not found
                  (Session info: chrome=104.0.5112.81)</message>
                <stack-trace>no such window: no such window: target window already closed
                from unknown error: web view not found
                  (Session info: chrome=104.0.5112.81)
                    at getErrorFromResponseBody (C:\Users\Owner\Documents\Webdriver-io-Practice\node_modules\webdriver\build\utils.js:198:12)
                    at NodeJSRequest._request (C:\Users\Owner\Documents\Webdriver-io-Practice\node_modules\webdriver\build\request\index.js:166:60)
                    at processTicksAndRejections (node:internal/process/task_queues:96:5)
                    at async Browser.wrapCommandFn (C:\Users\Owner\Documents\Webdriver-io-Practice\node_modules\@wdio\utils\build\shim.js:137:29)
                    at async Browser.$ (C:\Users\Owner\Documents\Webdriver-io-Practice\node_modules\webdriverio\build\commands\browser\$.js:91:17)
                    at async Browser.wrapCommandFn (C:\Users\Owner\Documents\Webdriver-io-Practice\node_modules\@wdio\utils\build\shim.js:137:29)
                    at async Context.&lt;anonymous> (C:\Users\Owner\Documents\Webdriver-io-Practice\test\specs\calculator.e2e.js:70:18)</stack-trace>
            </failure>
        </test-case>
        <test-case start='1660316105892' status='broken' stop='1660316106239'>
            <name>should detect we include Social Security benefits is selected</name>
            <title>should detect we include Social Security benefits is selected</title>
            <labels>
                <label name='language' value='javascript'/>
                <label name='framework' value='wdio'/>
                <label name='thread' value='0-0'/>
            </labels>
            <parameters>
                <parameter kind='argument' name='browser' value='chrome-104.0.5112.81'/>
            </parameters>
            <steps>
                <step start='1660316105914' status='broken' stop='1660316106239'>
                    <name>POST /session/:sessionId/element</name>
                    <title>POST /session/:sessionId/element</title>
                    <attachments>
                        <attachment title='Request' source='d1e8c4c0-4d9a-43a8-b211-60067d2c1e14-attachment.json' type='application/json' size='57'/>
                    </attachments>
                    <steps>
                        <step start='1660316106115' status='broken' stop='1660316106238'>
                            <name>GET /session/:sessionId/screenshot</name>
                            <title>GET /session/:sessionId/screenshot</title>
                            <attachments/>
                            <steps/>
                        </step>
                    </steps>
                </step>
            </steps>
            <attachments/>
            <failure>
                <message>no such window: target window already closed
                from unknown error: web view not found
                  (Session info: chrome=104.0.5112.81)</message>
                <stack-trace>no such window: no such window: target window already closed
                from unknown error: web view not found
                  (Session info: chrome=104.0.5112.81)
                    at getErrorFromResponseBody (C:\Users\Owner\Documents\Webdriver-io-Practice\node_modules\webdriver\build\utils.js:198:12)
                    at NodeJSRequest._request (C:\Users\Owner\Documents\Webdriver-io-Practice\node_modules\webdriver\build\request\index.js:166:60)
                    at processTicksAndRejections (node:internal/process/task_queues:96:5)
                    at async Browser.wrapCommandFn (C:\Users\Owner\Documents\Webdriver-io-Practice\node_modules\@wdio\utils\build\shim.js:137:29)
                    at async Browser.$ (C:\Users\Owner\Documents\Webdriver-io-Practice\node_modules\webdriverio\build\commands\browser\$.js:91:17)
                    at async Browser.wrapCommandFn (C:\Users\Owner\Documents\Webdriver-io-Practice\node_modules\@wdio\utils\build\shim.js:137:29)
                    at async Context.&lt;anonymous> (C:\Users\Owner\Documents\Webdriver-io-Practice\test\specs\calculator.e2e.js:80:34)</stack-trace>
            </failure>
        </test-case>
    </test-cases>
</ns2:test-suite>