<?xml version='1.0'?>
<ns2:test-suite xmlns:ns2='urn:model.allure.qatools.yandex.ru' start='1660663222392' stop='1660663331099'>
    <name>run the calculator</name>
    <title>run the calculator</title>
    <test-cases>
        <test-case start='1660663222392' status='passed' stop='1660663222439'>
            <name>Verify url</name>
            <title>Verify url</title>
            <labels>
                <label name='language' value='javascript'/>
                <label name='framework' value='wdio'/>
                <label name='thread' value='0-0'/>
            </labels>
            <parameters>
                <parameter kind='argument' name='browser' value='chrome-104.0.5112.81'/>
            </parameters>
            <steps>
                <step start='1660663222407' status='undefined'>
                    <name>POST /session/:sessionId/url</name>
                    <title>POST /session/:sessionId/url</title>
                    <attachments>
                        <attachment title='Request' source='1fd45360-a2ee-4f09-b0cf-df0ba1c89e01-attachment.json' type='application/json' size='80'/>
                    </attachments>
                    <steps/>
                </step>
            </steps>
            <attachments/>
        </test-case>
        <test-case start='1660663222441' status='broken' stop='1660663282517'>
            <name>should set/get value for current age element</name>
            <title>should set/get value for current age element</title>
            <labels>
                <label name='language' value='javascript'/>
                <label name='framework' value='wdio'/>
                <label name='thread' value='0-0'/>
            </labels>
            <parameters>
                <parameter kind='argument' name='browser' value='chrome-104.0.5112.81'/>
            </parameters>
            <steps>
                <step start='1660663222593' status='broken' stop='1660663282515'>
                    <name>GET /session/:sessionId/screenshot</name>
                    <title>GET /session/:sessionId/screenshot</title>
                    <attachments/>
                    <steps/>
                </step>
            </steps>
            <attachments/>
            <failure>
                <message>Timeout of 60000ms exceeded. The execution in the test "run the calculator should set/get value for current age element" took too long. Try to reduce the run time or increase your timeout for test specs (https://webdriver.io/docs/timeouts). (C:\Users\Owner\Documents\Webdriver-io-Practice\test\specs\calculator.e2e.js)</message>
                <stack-trace>Error: Timeout of 60000ms exceeded. The execution in the test "run the calculator should set/get value for current age element" took too long. Try to reduce the run time or increase your timeout for test specs (https://webdriver.io/docs/timeouts). (C:\Users\Owner\Documents\Webdriver-io-Practice\test\specs\calculator.e2e.js)
                    at createTimeoutError (C:\Users\Owner\Documents\Webdriver-io-Practice\node_modules\mocha\lib\errors.js:498:15)
                    at Test.Runnable._timeoutError (C:\Users\Owner\Documents\Webdriver-io-Practice\node_modules\mocha\lib\runnable.js:431:10)
                    at Timeout.&lt;anonymous> (C:\Users\Owner\Documents\Webdriver-io-Practice\node_modules\mocha\lib\runnable.js:246:24)
                    at listOnTimeout (node:internal/timers:564:17)
                    at processTimers (node:internal/timers:507:7)</stack-trace>
            </failure>
        </test-case>
        <test-case start='1660663282521' status='broken' stop='1660663323455'>
            <name>should set/get value for what age do you plan to retire element</name>
            <title>should set/get value for what age do you plan to retire element</title>
            <labels>
                <label name='language' value='javascript'/>
                <label name='framework' value='wdio'/>
                <label name='thread' value='0-0'/>
            </labels>
            <parameters>
                <parameter kind='argument' name='browser' value='chrome-104.0.5112.81'/>
            </parameters>
            <steps>
                <step start='1660663282583' status='passed' stop='1660663320516'>
                    <name>GET /session/:sessionId/screenshot</name>
                    <title>GET /session/:sessionId/screenshot</title>
                    <attachments/>
                    <steps/>
                </step>
            </steps>
            <attachments>
                <attachment title='Screenshot' source='b08b401d-0ea8-4e7f-8680-4598feb05f27-attachment.png' type='image/png' size='299472'/>
                <attachment title='Screenshot' source='03b38efc-3549-4a16-98b1-451d7f896dc7-attachment.png' type='image/png' size='299472'/>
            </attachments>
            <failure>
                <message>Cannot read properties of undefined (reading 'isDevTools')</message>
                <stack-trace>TypeError: Cannot read properties of undefined (reading 'isDevTools')
                    at findElement (C:\Users\Owner\Documents\Webdriver-io-Practice\node_modules\webdriverio\build\utils\index.js:216:15)
                    at $ (C:\Users\Owner\Documents\Webdriver-io-Practice\node_modules\webdriverio\build\commands\browser\$.js:91:43)
                    at Context.&lt;anonymous> (C:\Users\Owner\Documents\Webdriver-io-Practice\test\specs\calculator.e2e.js:29:38)
                    at Context.executeAsync (C:\Users\Owner\Documents\Webdriver-io-Practice\node_modules\@wdio\utils\build\shim.js:333:27)
                    at Context.testFrameworkFnWrapper (C:\Users\Owner\Documents\Webdriver-io-Practice\node_modules\@wdio\utils\build\test-framework\testFnWrapper.js:51:32)</stack-trace>
            </failure>
        </test-case>
        <test-case start='1660663323460' status='broken' stop='1660663324790'>
            <name>should set/get value for What is your current annual income element</name>
            <title>should set/get value for What is your current annual income element</title>
            <labels>
                <label name='language' value='javascript'/>
                <label name='framework' value='wdio'/>
                <label name='thread' value='0-0'/>
            </labels>
            <parameters>
                <parameter kind='argument' name='browser' value='chrome-104.0.5112.81'/>
            </parameters>
            <steps>
                <step start='1660663323480' status='passed' stop='1660663324789'>
                    <name>GET /session/:sessionId/screenshot</name>
                    <title>GET /session/:sessionId/screenshot</title>
                    <attachments>
                        <attachment title='Screenshot' source='10fc568f-6959-42b5-bf98-aef928572c76-attachment.png' type='image/png' size='299472'/>
                    </attachments>
                    <steps/>
                </step>
            </steps>
            <attachments/>
            <failure>
                <message>Cannot read properties of undefined (reading 'isDevTools')</message>
                <stack-trace>TypeError: Cannot read properties of undefined (reading 'isDevTools')
                    at findElement (C:\Users\Owner\Documents\Webdriver-io-Practice\node_modules\webdriverio\build\utils\index.js:216:15)
                    at $ (C:\Users\Owner\Documents\Webdriver-io-Practice\node_modules\webdriverio\build\commands\browser\$.js:91:43)
                    at Context.&lt;anonymous> (C:\Users\Owner\Documents\Webdriver-io-Practice\test\specs\calculator.e2e.js:37:38)
                    at Context.executeAsync (C:\Users\Owner\Documents\Webdriver-io-Practice\node_modules\@wdio\utils\build\shim.js:333:27)
                    at Context.testFrameworkFnWrapper (C:\Users\Owner\Documents\Webdriver-io-Practice\node_modules\@wdio\utils\build\test-framework\testFnWrapper.js:51:32)</stack-trace>
            </failure>
        </test-case>
        <test-case start='1660663324791' status='broken' stop='1660663326181'>
            <name>should set/get value for What is your spouses annual income</name>
            <title>should set/get value for What is your spouses annual income</title>
            <labels>
                <label name='language' value='javascript'/>
                <label name='framework' value='wdio'/>
                <label name='thread' value='0-0'/>
            </labels>
            <parameters>
                <parameter kind='argument' name='browser' value='chrome-104.0.5112.81'/>
            </parameters>
            <steps>
                <step start='1660663324795' status='passed' stop='1660663326179'>
                    <name>GET /session/:sessionId/screenshot</name>
                    <title>GET /session/:sessionId/screenshot</title>
                    <attachments>
                        <attachment title='Screenshot' source='44ba72e4-7220-48df-ac43-1aecc422872d-attachment.png' type='image/png' size='299472'/>
                    </attachments>
                    <steps/>
                </step>
            </steps>
            <attachments/>
            <failure>
                <message>Cannot read properties of undefined (reading 'isDevTools')</message>
                <stack-trace>TypeError: Cannot read properties of undefined (reading 'isDevTools')
                    at findElement (C:\Users\Owner\Documents\Webdriver-io-Practice\node_modules\webdriverio\build\utils\index.js:216:15)
                    at $ (C:\Users\Owner\Documents\Webdriver-io-Practice\node_modules\webdriverio\build\commands\browser\$.js:91:43)
                    at Context.&lt;anonymous> (C:\Users\Owner\Documents\Webdriver-io-Practice\test\specs\calculator.e2e.js:46:37)
                    at Context.executeAsync (C:\Users\Owner\Documents\Webdriver-io-Practice\node_modules\@wdio\utils\build\shim.js:333:27)
                    at Context.testFrameworkFnWrapper (C:\Users\Owner\Documents\Webdriver-io-Practice\node_modules\@wdio\utils\build\test-framework\testFnWrapper.js:51:32)</stack-trace>
            </failure>
        </test-case>
        <test-case start='1660663326212' status='broken' stop='1660663327179'>
            <name>should set/get value for What is your current retirement savings balance</name>
            <title>should set/get value for What is your current retirement savings balance</title>
            <labels>
                <label name='language' value='javascript'/>
                <label name='framework' value='wdio'/>
                <label name='thread' value='0-0'/>
            </labels>
            <parameters>
                <parameter kind='argument' name='browser' value='chrome-104.0.5112.81'/>
            </parameters>
            <steps>
                <step start='1660663326231' status='passed' stop='1660663327176'>
                    <name>GET /session/:sessionId/screenshot</name>
                    <title>GET /session/:sessionId/screenshot</title>
                    <attachments>
                        <attachment title='Screenshot' source='36c2b2cb-9b9f-42ca-ae79-b7650e2f1489-attachment.png' type='image/png' size='299472'/>
                    </attachments>
                    <steps/>
                </step>
            </steps>
            <attachments/>
            <failure>
                <message>Cannot read properties of undefined (reading 'isDevTools')</message>
                <stack-trace>TypeError: Cannot read properties of undefined (reading 'isDevTools')
                    at findElement (C:\Users\Owner\Documents\Webdriver-io-Practice\node_modules\webdriverio\build\utils\index.js:216:15)
                    at $ (C:\Users\Owner\Documents\Webdriver-io-Practice\node_modules\webdriverio\build\commands\browser\$.js:91:43)
                    at Context.&lt;anonymous> (C:\Users\Owner\Documents\Webdriver-io-Practice\test\specs\calculator.e2e.js:54:44)
                    at Context.executeAsync (C:\Users\Owner\Documents\Webdriver-io-Practice\node_modules\@wdio\utils\build\shim.js:333:27)
                    at Context.testFrameworkFnWrapper (C:\Users\Owner\Documents\Webdriver-io-Practice\node_modules\@wdio\utils\build\test-framework\testFnWrapper.js:51:32)</stack-trace>
            </failure>
        </test-case>
        <test-case start='1660663327180' status='broken' stop='1660663328038'>
            <name>should set/get value for How much are you currently saving each year for retirement</name>
            <title>should set/get value for How much are you currently saving each year for retirement</title>
            <labels>
                <label name='language' value='javascript'/>
                <label name='framework' value='wdio'/>
                <label name='thread' value='0-0'/>
            </labels>
            <parameters>
                <parameter kind='argument' name='browser' value='chrome-104.0.5112.81'/>
            </parameters>
            <steps>
                <step start='1660663327231' status='passed' stop='1660663328037'>
                    <name>GET /session/:sessionId/screenshot</name>
                    <title>GET /session/:sessionId/screenshot</title>
                    <attachments>
                        <attachment title='Screenshot' source='1957166c-f369-4625-8dfb-68d02c673d8a-attachment.png' type='image/png' size='299472'/>
                    </attachments>
                    <steps/>
                </step>
            </steps>
            <attachments/>
            <failure>
                <message>Cannot read properties of undefined (reading 'isDevTools')</message>
                <stack-trace>TypeError: Cannot read properties of undefined (reading 'isDevTools')
                    at findElement (C:\Users\Owner\Documents\Webdriver-io-Practice\node_modules\webdriverio\build\utils\index.js:216:15)
                    at $ (C:\Users\Owner\Documents\Webdriver-io-Practice\node_modules\webdriverio\build\commands\browser\$.js:91:43)
                    at Context.&lt;anonymous> (C:\Users\Owner\Documents\Webdriver-io-Practice\test\specs\calculator.e2e.js:61:45)
                    at Context.executeAsync (C:\Users\Owner\Documents\Webdriver-io-Practice\node_modules\@wdio\utils\build\shim.js:333:27)
                    at Context.testFrameworkFnWrapper (C:\Users\Owner\Documents\Webdriver-io-Practice\node_modules\@wdio\utils\build\test-framework\testFnWrapper.js:51:32)</stack-trace>
            </failure>
        </test-case>
        <test-case start='1660663328038' status='broken' stop='1660663329618'>
            <name>should set/get value for What is the rate of increase in your savings each year</name>
            <title>should set/get value for What is the rate of increase in your savings each year</title>
            <labels>
                <label name='language' value='javascript'/>
                <label name='framework' value='wdio'/>
                <label name='thread' value='0-0'/>
            </labels>
            <parameters>
                <parameter kind='argument' name='browser' value='chrome-104.0.5112.81'/>
            </parameters>
            <steps>
                <step start='1660663328046' status='passed' stop='1660663329616'>
                    <name>GET /session/:sessionId/screenshot</name>
                    <title>GET /session/:sessionId/screenshot</title>
                    <attachments>
                        <attachment title='Screenshot' source='9bcaa632-485a-43d5-997c-dfae49e5eafc-attachment.png' type='image/png' size='299472'/>
                    </attachments>
                    <steps/>
                </step>
            </steps>
            <attachments/>
            <failure>
                <message>Cannot read properties of undefined (reading 'isDevTools')</message>
                <stack-trace>TypeError: Cannot read properties of undefined (reading 'isDevTools')
                    at findElement (C:\Users\Owner\Documents\Webdriver-io-Practice\node_modules\webdriverio\build\utils\index.js:216:15)
                    at $ (C:\Users\Owner\Documents\Webdriver-io-Practice\node_modules\webdriverio\build\commands\browser\$.js:91:43)
                    at Context.&lt;anonymous> (C:\Users\Owner\Documents\Webdriver-io-Practice\test\specs\calculator.e2e.js:67:44)
                    at Context.executeAsync (C:\Users\Owner\Documents\Webdriver-io-Practice\node_modules\@wdio\utils\build\shim.js:333:27)
                    at Context.testFrameworkFnWrapper (C:\Users\Owner\Documents\Webdriver-io-Practice\node_modules\@wdio\utils\build\test-framework\testFnWrapper.js:51:32)</stack-trace>
            </failure>
        </test-case>
        <test-case start='1660663329619' status='broken' stop='1660663331086'>
            <name>should detect we include Social Security benefits is selected</name>
            <title>should detect we include Social Security benefits is selected</title>
            <labels>
                <label name='language' value='javascript'/>
                <label name='framework' value='wdio'/>
                <label name='thread' value='0-0'/>
            </labels>
            <parameters>
                <parameter kind='argument' name='browser' value='chrome-104.0.5112.81'/>
            </parameters>
            <steps>
                <step start='1660663329657' status='passed' stop='1660663331085'>
                    <name>GET /session/:sessionId/screenshot</name>
                    <title>GET /session/:sessionId/screenshot</title>
                    <attachments>
                        <attachment title='Screenshot' source='25597b7d-401f-4abd-89e4-44ae45ab512a-attachment.png' type='image/png' size='299472'/>
                    </attachments>
                    <steps/>
                </step>
            </steps>
            <attachments/>
            <failure>
                <message>Cannot read properties of undefined (reading 'isDevTools')</message>
                <stack-trace>TypeError: Cannot read properties of undefined (reading 'isDevTools')
                    at findElement (C:\Users\Owner\Documents\Webdriver-io-Practice\node_modules\webdriverio\build\utils\index.js:216:15)
                    at $ (C:\Users\Owner\Documents\Webdriver-io-Practice\node_modules\webdriverio\build\commands\browser\$.js:91:43)
                    at Context.&lt;anonymous> (C:\Users\Owner\Documents\Webdriver-io-Practice\test\specs\calculator.e2e.js:74:25)
                    at Context.executeAsync (C:\Users\Owner\Documents\Webdriver-io-Practice\node_modules\@wdio\utils\build\shim.js:333:27)
                    at Context.testFrameworkFnWrapper (C:\Users\Owner\Documents\Webdriver-io-Practice\node_modules\@wdio\utils\build\test-framework\testFnWrapper.js:51:32)</stack-trace>
            </failure>
        </test-case>
    </test-cases>
</ns2:test-suite>