<?xml version='1.0'?>
<ns2:test-suite xmlns:ns2='urn:model.allure.qatools.yandex.ru' start='1660243488525' stop='1660243612418'>
    <name>run the calculator</name>
    <title>run the calculator</title>
    <test-cases>
        <test-case start='1660243488529' status='passed' stop='1660243488623'>
            <name>Verify url</name>
            <title>Verify url</title>
            <labels>
                <label name='language' value='javascript'/>
                <label name='framework' value='wdio'/>
                <label name='thread' value='0-0'/>
            </labels>
            <parameters>
                <parameter kind='argument' name='browser' value='chrome-104.0.5112.81'/>
            </parameters>
            <steps>
                <step start='1660243488549' status='undefined'>
                    <name>POST /session/:sessionId/url</name>
                    <title>POST /session/:sessionId/url</title>
                    <attachments>
                        <attachment title='Request' source='7984f74b-8a33-4298-9978-148734f18dd7-attachment.json' type='application/json' size='80'/>
                    </attachments>
                    <steps/>
                </step>
            </steps>
            <attachments/>
        </test-case>
        <test-case start='1660243488634' status='broken' stop='1660243548690'>
            <name>should set/get value for current age element</name>
            <title>should set/get value for current age element</title>
            <labels>
                <label name='language' value='javascript'/>
                <label name='framework' value='wdio'/>
                <label name='thread' value='0-0'/>
            </labels>
            <parameters>
                <parameter kind='argument' name='browser' value='chrome-104.0.5112.81'/>
            </parameters>
            <steps>
                <step start='1660243488667' status='broken' stop='1660243548690'>
                    <name>POST /session/:sessionId/element</name>
                    <title>POST /session/:sessionId/element</title>
                    <attachments>
                        <attachment title='Request' source='8e501388-c90f-4338-b2c3-adcef4a08357-attachment.json' type='application/json' size='56'/>
                    </attachments>
                    <steps/>
                </step>
            </steps>
            <attachments/>
            <failure>
                <message>Timeout of 60000ms exceeded. The execution in the test "run the calculator should set/get value for current age element" took too long. Try to reduce the run time or increase your timeout for test specs (https://webdriver.io/docs/timeouts). (C:\Users\Owner\Documents\Webdriver-io-Practice\test\specs\calculator.e2e.js)</message>
                <stack-trace>Error: Timeout of 60000ms exceeded. The execution in the test "run the calculator should set/get value for current age element" took too long. Try to reduce the run time or increase your timeout for test specs (https://webdriver.io/docs/timeouts). (C:\Users\Owner\Documents\Webdriver-io-Practice\test\specs\calculator.e2e.js)
                    at createTimeoutError (C:\Users\Owner\Documents\Webdriver-io-Practice\node_modules\mocha\lib\errors.js:498:15)
                    at Test.Runnable._timeoutError (C:\Users\Owner\Documents\Webdriver-io-Practice\node_modules\mocha\lib\runnable.js:431:10)
                    at Timeout.&lt;anonymous> (C:\Users\Owner\Documents\Webdriver-io-Practice\node_modules\mocha\lib\runnable.js:246:24)
                    at listOnTimeout (node:internal/timers:559:17)
                    at processTimers (node:internal/timers:502:7)</stack-trace>
            </failure>
        </test-case>
        <test-case start='1660243548696' status='broken' stop='1660243608716'>
            <name>should set/get value for what age do you plan to retire element</name>
            <title>should set/get value for what age do you plan to retire element</title>
            <labels>
                <label name='language' value='javascript'/>
                <label name='framework' value='wdio'/>
                <label name='thread' value='0-0'/>
            </labels>
            <parameters>
                <parameter kind='argument' name='browser' value='chrome-104.0.5112.81'/>
            </parameters>
            <steps>
                <step start='1660243548717' status='broken' stop='1660243608716'>
                    <name>POST /session/:sessionId/element</name>
                    <title>POST /session/:sessionId/element</title>
                    <attachments>
                        <attachment title='Request' source='79abeeb4-4d0e-42be-bd24-6c7970bd0406-attachment.json' type='application/json' size='59'/>
                    </attachments>
                    <steps/>
                </step>
            </steps>
            <attachments/>
            <failure>
                <message>Timeout of 60000ms exceeded. The execution in the test "run the calculator should set/get value for what age do you plan to retire element" took too long. Try to reduce the run time or increase your timeout for test specs (https://webdriver.io/docs/timeouts). (C:\Users\Owner\Documents\Webdriver-io-Practice\test\specs\calculator.e2e.js)</message>
                <stack-trace>Error: Timeout of 60000ms exceeded. The execution in the test "run the calculator should set/get value for what age do you plan to retire element" took too long. Try to reduce the run time or increase your timeout for test specs (https://webdriver.io/docs/timeouts). (C:\Users\Owner\Documents\Webdriver-io-Practice\test\specs\calculator.e2e.js)
                    at createTimeoutError (C:\Users\Owner\Documents\Webdriver-io-Practice\node_modules\mocha\lib\errors.js:498:15)
                    at Test.Runnable._timeoutError (C:\Users\Owner\Documents\Webdriver-io-Practice\node_modules\mocha\lib\runnable.js:431:10)
                    at Timeout.&lt;anonymous> (C:\Users\Owner\Documents\Webdriver-io-Practice\node_modules\mocha\lib\runnable.js:246:24)
                    at listOnTimeout (node:internal/timers:559:17)
                    at processTimers (node:internal/timers:502:7)</stack-trace>
            </failure>
        </test-case>
        <test-case start='1660243608717' status='broken' stop='1660243611126'>
            <name>should set/get value for What is your current annual income element</name>
            <title>should set/get value for What is your current annual income element</title>
            <labels>
                <label name='language' value='javascript'/>
                <label name='framework' value='wdio'/>
                <label name='thread' value='0-0'/>
            </labels>
            <parameters>
                <parameter kind='argument' name='browser' value='chrome-104.0.5112.81'/>
            </parameters>
            <steps>
                <step start='1660243608734' status='broken' stop='1660243611126'>
                    <name>POST /session/:sessionId/element</name>
                    <title>POST /session/:sessionId/element</title>
                    <attachments>
                        <attachment title='Request' source='4ca39359-4805-4378-b307-0699058c3b0b-attachment.json' type='application/json' size='59'/>
                    </attachments>
                    <steps>
                        <step start='1660243610610' status='broken' stop='1660243611126'>
                            <name>GET /session/:sessionId/screenshot</name>
                            <title>GET /session/:sessionId/screenshot</title>
                            <attachments/>
                            <steps>
                                <step start='1660243610676' status='broken' stop='1660243611126'>
                                    <name>GET /session/:sessionId/screenshot</name>
                                    <title>GET /session/:sessionId/screenshot</title>
                                    <attachments/>
                                    <steps>
                                        <step start='1660243610724' status='broken' stop='1660243611126'>
                                            <name>GET /session/:sessionId/screenshot</name>
                                            <title>GET /session/:sessionId/screenshot</title>
                                            <attachments/>
                                            <steps/>
                                        </step>
                                    </steps>
                                </step>
                            </steps>
                        </step>
                    </steps>
                </step>
            </steps>
            <attachments/>
            <failure>
                <message>no such window: target window already closed
                from unknown error: web view not found
                  (Session info: chrome=104.0.5112.81)</message>
                <stack-trace>no such window: no such window: target window already closed
                from unknown error: web view not found
                  (Session info: chrome=104.0.5112.81)
                    at getErrorFromResponseBody (C:\Users\Owner\Documents\Webdriver-io-Practice\node_modules\webdriver\build\utils.js:198:12)
                    at NodeJSRequest._request (C:\Users\Owner\Documents\Webdriver-io-Practice\node_modules\webdriver\build\request\index.js:166:60)
                    at processTicksAndRejections (node:internal/process/task_queues:96:5)
                    at async Browser.wrapCommandFn (C:\Users\Owner\Documents\Webdriver-io-Practice\node_modules\@wdio\utils\build\shim.js:137:29)
                    at async Browser.$ (C:\Users\Owner\Documents\Webdriver-io-Practice\node_modules\webdriverio\build\commands\browser\$.js:91:17)
                    at async Browser.wrapCommandFn (C:\Users\Owner\Documents\Webdriver-io-Practice\node_modules\@wdio\utils\build\shim.js:137:29)
                    at async Context.&lt;anonymous> (C:\Users\Owner\Documents\Webdriver-io-Practice\test\specs\calculator.e2e.js:35:32)</stack-trace>
            </failure>
        </test-case>
        <test-case start='1660243611164' status='broken' stop='1660243611472'>
            <name>should set/get value for What is your spouses annual income</name>
            <title>should set/get value for What is your spouses annual income</title>
            <labels>
                <label name='language' value='javascript'/>
                <label name='framework' value='wdio'/>
                <label name='thread' value='0-0'/>
            </labels>
            <parameters>
                <parameter kind='argument' name='browser' value='chrome-104.0.5112.81'/>
            </parameters>
            <steps>
                <step start='1660243611170' status='broken' stop='1660243611472'>
                    <name>POST /session/:sessionId/element</name>
                    <title>POST /session/:sessionId/element</title>
                    <attachments>
                        <attachment title='Request' source='2cda9b8e-902c-4dc1-bb1b-05a52be702dd-attachment.json' type='application/json' size='58'/>
                    </attachments>
                    <steps>
                        <step start='1660243611343' status='broken' stop='1660243611472'>
                            <name>GET /session/:sessionId/screenshot</name>
                            <title>GET /session/:sessionId/screenshot</title>
                            <attachments/>
                            <steps/>
                        </step>
                    </steps>
                </step>
            </steps>
            <attachments/>
            <failure>
                <message>no such window: target window already closed
                from unknown error: web view not found
                  (Session info: chrome=104.0.5112.81)</message>
                <stack-trace>no such window: no such window: target window already closed
                from unknown error: web view not found
                  (Session info: chrome=104.0.5112.81)
                    at getErrorFromResponseBody (C:\Users\Owner\Documents\Webdriver-io-Practice\node_modules\webdriver\build\utils.js:198:12)
                    at NodeJSRequest._request (C:\Users\Owner\Documents\Webdriver-io-Practice\node_modules\webdriver\build\request\index.js:166:60)
                    at processTicksAndRejections (node:internal/process/task_queues:96:5)
                    at async Browser.wrapCommandFn (C:\Users\Owner\Documents\Webdriver-io-Practice\node_modules\@wdio\utils\build\shim.js:137:29)
                    at async Browser.$ (C:\Users\Owner\Documents\Webdriver-io-Practice\node_modules\webdriverio\build\commands\browser\$.js:91:17)
                    at async Browser.wrapCommandFn (C:\Users\Owner\Documents\Webdriver-io-Practice\node_modules\@wdio\utils\build\shim.js:137:29)
                    at async Context.&lt;anonymous> (C:\Users\Owner\Documents\Webdriver-io-Practice\test\specs\calculator.e2e.js:41:31)</stack-trace>
            </failure>
        </test-case>
        <test-case start='1660243611473' status='broken' stop='1660243611768'>
            <name>should set/get value for What is your current retirement savings balance</name>
            <title>should set/get value for What is your current retirement savings balance</title>
            <labels>
                <label name='language' value='javascript'/>
                <label name='framework' value='wdio'/>
                <label name='thread' value='0-0'/>
            </labels>
            <parameters>
                <parameter kind='argument' name='browser' value='chrome-104.0.5112.81'/>
            </parameters>
            <steps>
                <step start='1660243611476' status='broken' stop='1660243611767'>
                    <name>POST /session/:sessionId/element</name>
                    <title>POST /session/:sessionId/element</title>
                    <attachments>
                        <attachment title='Request' source='674006b0-f9b6-499a-b458-2f675561cd6d-attachment.json' type='application/json' size='66'/>
                    </attachments>
                    <steps>
                        <step start='1660243611629' status='broken' stop='1660243611767'>
                            <name>GET /session/:sessionId/screenshot</name>
                            <title>GET /session/:sessionId/screenshot</title>
                            <attachments/>
                            <steps/>
                        </step>
                    </steps>
                </step>
            </steps>
            <attachments/>
            <failure>
                <message>no such window: target window already closed
                from unknown error: web view not found
                  (Session info: chrome=104.0.5112.81)</message>
                <stack-trace>no such window: no such window: target window already closed
                from unknown error: web view not found
                  (Session info: chrome=104.0.5112.81)
                    at getErrorFromResponseBody (C:\Users\Owner\Documents\Webdriver-io-Practice\node_modules\webdriver\build\utils.js:198:12)
                    at NodeJSRequest._request (C:\Users\Owner\Documents\Webdriver-io-Practice\node_modules\webdriver\build\request\index.js:166:60)
                    at processTicksAndRejections (node:internal/process/task_queues:96:5)
                    at async Browser.wrapCommandFn (C:\Users\Owner\Documents\Webdriver-io-Practice\node_modules\@wdio\utils\build\shim.js:137:29)
                    at async Browser.$ (C:\Users\Owner\Documents\Webdriver-io-Practice\node_modules\webdriverio\build\commands\browser\$.js:91:17)
                    at async Browser.wrapCommandFn (C:\Users\Owner\Documents\Webdriver-io-Practice\node_modules\@wdio\utils\build\shim.js:137:29)
                    at async Context.&lt;anonymous> (C:\Users\Owner\Documents\Webdriver-io-Practice\test\specs\calculator.e2e.js:48:38)</stack-trace>
            </failure>
        </test-case>
        <test-case start='1660243611769' status='broken' stop='1660243612110'>
            <name>should set/get value for How much are you currently saving each year for retirement</name>
            <title>should set/get value for How much are you currently saving each year for retirement</title>
            <labels>
                <label name='language' value='javascript'/>
                <label name='framework' value='wdio'/>
                <label name='thread' value='0-0'/>
            </labels>
            <parameters>
                <parameter kind='argument' name='browser' value='chrome-104.0.5112.81'/>
            </parameters>
            <steps>
                <step start='1660243611773' status='broken' stop='1660243612110'>
                    <name>POST /session/:sessionId/element</name>
                    <title>POST /session/:sessionId/element</title>
                    <attachments>
                        <attachment title='Request' source='e49688fb-01fc-4461-b47d-46f175d67e46-attachment.json' type='application/json' size='67'/>
                    </attachments>
                    <steps>
                        <step start='1660243611945' status='broken' stop='1660243612110'>
                            <name>GET /session/:sessionId/screenshot</name>
                            <title>GET /session/:sessionId/screenshot</title>
                            <attachments/>
                            <steps/>
                        </step>
                    </steps>
                </step>
            </steps>
            <attachments/>
            <failure>
                <message>no such window: target window already closed
                from unknown error: web view not found
                  (Session info: chrome=104.0.5112.81)</message>
                <stack-trace>no such window: no such window: target window already closed
                from unknown error: web view not found
                  (Session info: chrome=104.0.5112.81)
                    at getErrorFromResponseBody (C:\Users\Owner\Documents\Webdriver-io-Practice\node_modules\webdriver\build\utils.js:198:12)
                    at NodeJSRequest._request (C:\Users\Owner\Documents\Webdriver-io-Practice\node_modules\webdriver\build\request\index.js:166:60)
                    at processTicksAndRejections (node:internal/process/task_queues:96:5)
                    at async Browser.wrapCommandFn (C:\Users\Owner\Documents\Webdriver-io-Practice\node_modules\@wdio\utils\build\shim.js:137:29)
                    at async Browser.$ (C:\Users\Owner\Documents\Webdriver-io-Practice\node_modules\webdriverio\build\commands\browser\$.js:91:17)
                    at async Browser.wrapCommandFn (C:\Users\Owner\Documents\Webdriver-io-Practice\node_modules\@wdio\utils\build\shim.js:137:29)
                    at async Context.&lt;anonymous> (C:\Users\Owner\Documents\Webdriver-io-Practice\test\specs\calculator.e2e.js:55:39)</stack-trace>
            </failure>
        </test-case>
        <test-case start='1660243612115' status='broken' stop='1660243612413'>
            <name>should set/get value for What is the rate of increase in your savings each year</name>
            <title>should set/get value for What is the rate of increase in your savings each year</title>
            <labels>
                <label name='language' value='javascript'/>
                <label name='framework' value='wdio'/>
                <label name='thread' value='0-0'/>
            </labels>
            <parameters>
                <parameter kind='argument' name='browser' value='chrome-104.0.5112.81'/>
            </parameters>
            <steps>
                <step start='1660243612123' status='broken' stop='1660243612413'>
                    <name>POST /session/:sessionId/element</name>
                    <title>POST /session/:sessionId/element</title>
                    <attachments>
                        <attachment title='Request' source='e387726d-2831-4408-8e25-de1daed50ffe-attachment.json' type='application/json' size='66'/>
                    </attachments>
                    <steps>
                        <step start='1660243612289' status='broken' stop='1660243612413'>
                            <name>GET /session/:sessionId/screenshot</name>
                            <title>GET /session/:sessionId/screenshot</title>
                            <attachments/>
                            <steps/>
                        </step>
                    </steps>
                </step>
            </steps>
            <attachments/>
            <failure>
                <message>no such window: target window already closed
                from unknown error: web view not found
                  (Session info: chrome=104.0.5112.81)</message>
                <stack-trace>no such window: no such window: target window already closed
                from unknown error: web view not found
                  (Session info: chrome=104.0.5112.81)
                    at getErrorFromResponseBody (C:\Users\Owner\Documents\Webdriver-io-Practice\node_modules\webdriver\build\utils.js:198:12)
                    at NodeJSRequest._request (C:\Users\Owner\Documents\Webdriver-io-Practice\node_modules\webdriver\build\request\index.js:166:60)
                    at processTicksAndRejections (node:internal/process/task_queues:96:5)
                    at async Browser.wrapCommandFn (C:\Users\Owner\Documents\Webdriver-io-Practice\node_modules\@wdio\utils\build\shim.js:137:29)
                    at async Browser.$ (C:\Users\Owner\Documents\Webdriver-io-Practice\node_modules\webdriverio\build\commands\browser\$.js:91:17)
                    at async Browser.wrapCommandFn (C:\Users\Owner\Documents\Webdriver-io-Practice\node_modules\@wdio\utils\build\shim.js:137:29)
                    at async Context.&lt;anonymous> (C:\Users\Owner\Documents\Webdriver-io-Practice\test\specs\calculator.e2e.js:61:38)</stack-trace>
            </failure>
        </test-case>
    </test-cases>
</ns2:test-suite>