<?xml version='1.0'?>
<ns2:test-suite xmlns:ns2='urn:model.allure.qatools.yandex.ru' start='1660663845760' stop='1660663869436'>
    <name>run the calculator</name>
    <title>run the calculator</title>
    <test-cases>
        <test-case start='1660663845761' status='passed' stop='1660663845809'>
            <name>Verify url</name>
            <title>Verify url</title>
            <labels>
                <label name='language' value='javascript'/>
                <label name='framework' value='wdio'/>
                <label name='thread' value='0-0'/>
            </labels>
            <parameters>
                <parameter kind='argument' name='browser' value='chrome-104.0.5112.81'/>
            </parameters>
            <steps>
                <step start='1660663845763' status='undefined'>
                    <name>POST /session/:sessionId/url</name>
                    <title>POST /session/:sessionId/url</title>
                    <attachments>
                        <attachment title='Request' source='63463ddf-a036-4e4d-a85f-97fc0458e376-attachment.json' type='application/json' size='80'/>
                    </attachments>
                    <steps/>
                </step>
            </steps>
            <attachments/>
        </test-case>
        <test-case start='1660663845823' status='broken' stop='1660663864831'>
            <name>should set/get value for current age element</name>
            <title>should set/get value for current age element</title>
            <labels>
                <label name='language' value='javascript'/>
                <label name='framework' value='wdio'/>
                <label name='thread' value='0-0'/>
            </labels>
            <parameters>
                <parameter kind='argument' name='browser' value='chrome-104.0.5112.81'/>
            </parameters>
            <steps>
                <step start='1660663845947' status='passed' stop='1660663864400'>
                    <name>GET /session/:sessionId/screenshot</name>
                    <title>GET /session/:sessionId/screenshot</title>
                    <attachments/>
                    <steps/>
                </step>
            </steps>
            <attachments>
                <attachment title='Screenshot' source='2e452c78-9da7-48b1-becb-e35688bd6407-attachment.png' type='image/png' size='299472'/>
            </attachments>
            <failure>
                <message>Cannot read properties of undefined (reading 'isDevTools')</message>
                <stack-trace>TypeError: Cannot read properties of undefined (reading 'isDevTools')
                    at findElement (C:\Users\Owner\Documents\Webdriver-io-Practice\node_modules\webdriverio\build\utils\index.js:216:15)
                    at $ (C:\Users\Owner\Documents\Webdriver-io-Practice\node_modules\webdriverio\build\commands\browser\$.js:91:43)
                    at Context.&lt;anonymous> (C:\Users\Owner\Documents\Webdriver-io-Practice\test\specs\calculator.e2e.js:14:35)
                    at Context.executeAsync (C:\Users\Owner\Documents\Webdriver-io-Practice\node_modules\@wdio\utils\build\shim.js:333:27)
                    at Context.testFrameworkFnWrapper (C:\Users\Owner\Documents\Webdriver-io-Practice\node_modules\@wdio\utils\build\test-framework\testFnWrapper.js:51:32)</stack-trace>
            </failure>
        </test-case>
        <test-case start='1660663864845' status='broken' stop='1660663865242'>
            <name>should set/get value for what age do you plan to retire element</name>
            <title>should set/get value for what age do you plan to retire element</title>
            <labels>
                <label name='language' value='javascript'/>
                <label name='framework' value='wdio'/>
                <label name='thread' value='0-0'/>
            </labels>
            <parameters>
                <parameter kind='argument' name='browser' value='chrome-104.0.5112.81'/>
            </parameters>
            <steps>
                <step start='1660663864859' status='passed' stop='1660663865241'>
                    <name>GET /session/:sessionId/screenshot</name>
                    <title>GET /session/:sessionId/screenshot</title>
                    <attachments>
                        <attachment title='Screenshot' source='30a50c13-c7af-4d57-94ac-6fbf80c1261c-attachment.png' type='image/png' size='299472'/>
                    </attachments>
                    <steps/>
                </step>
            </steps>
            <attachments/>
            <failure>
                <message>Cannot read properties of undefined (reading 'isDevTools')</message>
                <stack-trace>TypeError: Cannot read properties of undefined (reading 'isDevTools')
                    at findElement (C:\Users\Owner\Documents\Webdriver-io-Practice\node_modules\webdriverio\build\utils\index.js:216:15)
                    at $ (C:\Users\Owner\Documents\Webdriver-io-Practice\node_modules\webdriverio\build\commands\browser\$.js:91:43)
                    at Context.&lt;anonymous> (C:\Users\Owner\Documents\Webdriver-io-Practice\test\specs\calculator.e2e.js:29:38)
                    at Context.executeAsync (C:\Users\Owner\Documents\Webdriver-io-Practice\node_modules\@wdio\utils\build\shim.js:333:27)
                    at Context.testFrameworkFnWrapper (C:\Users\Owner\Documents\Webdriver-io-Practice\node_modules\@wdio\utils\build\test-framework\testFnWrapper.js:51:32)</stack-trace>
            </failure>
        </test-case>
        <test-case start='1660663865244' status='broken' stop='1660663865920'>
            <name>should set/get value for What is your current annual income element</name>
            <title>should set/get value for What is your current annual income element</title>
            <labels>
                <label name='language' value='javascript'/>
                <label name='framework' value='wdio'/>
                <label name='thread' value='0-0'/>
            </labels>
            <parameters>
                <parameter kind='argument' name='browser' value='chrome-104.0.5112.81'/>
            </parameters>
            <steps>
                <step start='1660663865263' status='passed' stop='1660663865914'>
                    <name>GET /session/:sessionId/screenshot</name>
                    <title>GET /session/:sessionId/screenshot</title>
                    <attachments>
                        <attachment title='Screenshot' source='d5f2ec69-8b17-45ff-9aa6-8f026399e8a0-attachment.png' type='image/png' size='299472'/>
                    </attachments>
                    <steps/>
                </step>
            </steps>
            <attachments/>
            <failure>
                <message>Cannot read properties of undefined (reading 'isDevTools')</message>
                <stack-trace>TypeError: Cannot read properties of undefined (reading 'isDevTools')
                    at findElement (C:\Users\Owner\Documents\Webdriver-io-Practice\node_modules\webdriverio\build\utils\index.js:216:15)
                    at $ (C:\Users\Owner\Documents\Webdriver-io-Practice\node_modules\webdriverio\build\commands\browser\$.js:91:43)
                    at Context.&lt;anonymous> (C:\Users\Owner\Documents\Webdriver-io-Practice\test\specs\calculator.e2e.js:37:38)
                    at Context.executeAsync (C:\Users\Owner\Documents\Webdriver-io-Practice\node_modules\@wdio\utils\build\shim.js:333:27)
                    at Context.testFrameworkFnWrapper (C:\Users\Owner\Documents\Webdriver-io-Practice\node_modules\@wdio\utils\build\test-framework\testFnWrapper.js:51:32)</stack-trace>
            </failure>
        </test-case>
        <test-case start='1660663865925' status='broken' stop='1660663867225'>
            <name>should set/get value for What is your spouses annual income</name>
            <title>should set/get value for What is your spouses annual income</title>
            <labels>
                <label name='language' value='javascript'/>
                <label name='framework' value='wdio'/>
                <label name='thread' value='0-0'/>
            </labels>
            <parameters>
                <parameter kind='argument' name='browser' value='chrome-104.0.5112.81'/>
            </parameters>
            <steps>
                <step start='1660663865966' status='passed' stop='1660663867223'>
                    <name>GET /session/:sessionId/screenshot</name>
                    <title>GET /session/:sessionId/screenshot</title>
                    <attachments>
                        <attachment title='Screenshot' source='66932875-be5f-4f8f-8c1e-108311bc3118-attachment.png' type='image/png' size='299472'/>
                    </attachments>
                    <steps/>
                </step>
            </steps>
            <attachments/>
            <failure>
                <message>Cannot read properties of undefined (reading 'isDevTools')</message>
                <stack-trace>TypeError: Cannot read properties of undefined (reading 'isDevTools')
                    at findElement (C:\Users\Owner\Documents\Webdriver-io-Practice\node_modules\webdriverio\build\utils\index.js:216:15)
                    at $ (C:\Users\Owner\Documents\Webdriver-io-Practice\node_modules\webdriverio\build\commands\browser\$.js:91:43)
                    at Context.&lt;anonymous> (C:\Users\Owner\Documents\Webdriver-io-Practice\test\specs\calculator.e2e.js:46:37)
                    at Context.executeAsync (C:\Users\Owner\Documents\Webdriver-io-Practice\node_modules\@wdio\utils\build\shim.js:333:27)
                    at Context.testFrameworkFnWrapper (C:\Users\Owner\Documents\Webdriver-io-Practice\node_modules\@wdio\utils\build\test-framework\testFnWrapper.js:51:32)</stack-trace>
            </failure>
        </test-case>
        <test-case start='1660663867227' status='broken' stop='1660663867794'>
            <name>should set/get value for What is your current retirement savings balance</name>
            <title>should set/get value for What is your current retirement savings balance</title>
            <labels>
                <label name='language' value='javascript'/>
                <label name='framework' value='wdio'/>
                <label name='thread' value='0-0'/>
            </labels>
            <parameters>
                <parameter kind='argument' name='browser' value='chrome-104.0.5112.81'/>
            </parameters>
            <steps>
                <step start='1660663867254' status='passed' stop='1660663867791'>
                    <name>GET /session/:sessionId/screenshot</name>
                    <title>GET /session/:sessionId/screenshot</title>
                    <attachments>
                        <attachment title='Screenshot' source='86b30e59-f450-431f-95bd-4b43c2e78e69-attachment.png' type='image/png' size='299472'/>
                    </attachments>
                    <steps/>
                </step>
            </steps>
            <attachments/>
            <failure>
                <message>Cannot read properties of undefined (reading 'isDevTools')</message>
                <stack-trace>TypeError: Cannot read properties of undefined (reading 'isDevTools')
                    at findElement (C:\Users\Owner\Documents\Webdriver-io-Practice\node_modules\webdriverio\build\utils\index.js:216:15)
                    at $ (C:\Users\Owner\Documents\Webdriver-io-Practice\node_modules\webdriverio\build\commands\browser\$.js:91:43)
                    at Context.&lt;anonymous> (C:\Users\Owner\Documents\Webdriver-io-Practice\test\specs\calculator.e2e.js:54:44)
                    at Context.executeAsync (C:\Users\Owner\Documents\Webdriver-io-Practice\node_modules\@wdio\utils\build\shim.js:333:27)
                    at Context.testFrameworkFnWrapper (C:\Users\Owner\Documents\Webdriver-io-Practice\node_modules\@wdio\utils\build\test-framework\testFnWrapper.js:51:32)</stack-trace>
            </failure>
        </test-case>
        <test-case start='1660663867795' status='broken' stop='1660663868211'>
            <name>should set/get value for How much are you currently saving each year for retirement</name>
            <title>should set/get value for How much are you currently saving each year for retirement</title>
            <labels>
                <label name='language' value='javascript'/>
                <label name='framework' value='wdio'/>
                <label name='thread' value='0-0'/>
            </labels>
            <parameters>
                <parameter kind='argument' name='browser' value='chrome-104.0.5112.81'/>
            </parameters>
            <steps>
                <step start='1660663867816' status='passed' stop='1660663868209'>
                    <name>GET /session/:sessionId/screenshot</name>
                    <title>GET /session/:sessionId/screenshot</title>
                    <attachments>
                        <attachment title='Screenshot' source='8e2965a9-9d2c-4711-bc9e-99cac3f1044f-attachment.png' type='image/png' size='299472'/>
                    </attachments>
                    <steps/>
                </step>
            </steps>
            <attachments/>
            <failure>
                <message>Cannot read properties of undefined (reading 'isDevTools')</message>
                <stack-trace>TypeError: Cannot read properties of undefined (reading 'isDevTools')
                    at findElement (C:\Users\Owner\Documents\Webdriver-io-Practice\node_modules\webdriverio\build\utils\index.js:216:15)
                    at $ (C:\Users\Owner\Documents\Webdriver-io-Practice\node_modules\webdriverio\build\commands\browser\$.js:91:43)
                    at Context.&lt;anonymous> (C:\Users\Owner\Documents\Webdriver-io-Practice\test\specs\calculator.e2e.js:61:45)
                    at Context.executeAsync (C:\Users\Owner\Documents\Webdriver-io-Practice\node_modules\@wdio\utils\build\shim.js:333:27)
                    at Context.testFrameworkFnWrapper (C:\Users\Owner\Documents\Webdriver-io-Practice\node_modules\@wdio\utils\build\test-framework\testFnWrapper.js:51:32)</stack-trace>
            </failure>
        </test-case>
        <test-case start='1660663868213' status='broken' stop='1660663868693'>
            <name>should set/get value for What is the rate of increase in your savings each year</name>
            <title>should set/get value for What is the rate of increase in your savings each year</title>
            <labels>
                <label name='language' value='javascript'/>
                <label name='framework' value='wdio'/>
                <label name='thread' value='0-0'/>
            </labels>
            <parameters>
                <parameter kind='argument' name='browser' value='chrome-104.0.5112.81'/>
            </parameters>
            <steps>
                <step start='1660663868226' status='passed' stop='1660663868691'>
                    <name>GET /session/:sessionId/screenshot</name>
                    <title>GET /session/:sessionId/screenshot</title>
                    <attachments>
                        <attachment title='Screenshot' source='7afacf93-4ba2-4cc3-9f87-6399b87d3935-attachment.png' type='image/png' size='299472'/>
                    </attachments>
                    <steps/>
                </step>
            </steps>
            <attachments/>
            <failure>
                <message>Cannot read properties of undefined (reading 'isDevTools')</message>
                <stack-trace>TypeError: Cannot read properties of undefined (reading 'isDevTools')
                    at findElement (C:\Users\Owner\Documents\Webdriver-io-Practice\node_modules\webdriverio\build\utils\index.js:216:15)
                    at $ (C:\Users\Owner\Documents\Webdriver-io-Practice\node_modules\webdriverio\build\commands\browser\$.js:91:43)
                    at Context.&lt;anonymous> (C:\Users\Owner\Documents\Webdriver-io-Practice\test\specs\calculator.e2e.js:67:44)
                    at Context.executeAsync (C:\Users\Owner\Documents\Webdriver-io-Practice\node_modules\@wdio\utils\build\shim.js:333:27)
                    at Context.testFrameworkFnWrapper (C:\Users\Owner\Documents\Webdriver-io-Practice\node_modules\@wdio\utils\build\test-framework\testFnWrapper.js:51:32)</stack-trace>
            </failure>
        </test-case>
        <test-case start='1660663868695' status='broken' stop='1660663869391'>
            <name>should detect we include Social Security benefits is selected</name>
            <title>should detect we include Social Security benefits is selected</title>
            <labels>
                <label name='language' value='javascript'/>
                <label name='framework' value='wdio'/>
                <label name='thread' value='0-0'/>
            </labels>
            <parameters>
                <parameter kind='argument' name='browser' value='chrome-104.0.5112.81'/>
            </parameters>
            <steps>
                <step start='1660663868719' status='passed' stop='1660663869389'>
                    <name>GET /session/:sessionId/screenshot</name>
                    <title>GET /session/:sessionId/screenshot</title>
                    <attachments>
                        <attachment title='Screenshot' source='7ea7f51f-4ff4-4e4d-b91a-1a3d31f1942b-attachment.png' type='image/png' size='299472'/>
                    </attachments>
                    <steps/>
                </step>
            </steps>
            <attachments/>
            <failure>
                <message>Cannot read properties of undefined (reading 'isDevTools')</message>
                <stack-trace>TypeError: Cannot read properties of undefined (reading 'isDevTools')
                    at findElement (C:\Users\Owner\Documents\Webdriver-io-Practice\node_modules\webdriverio\build\utils\index.js:216:15)
                    at $ (C:\Users\Owner\Documents\Webdriver-io-Practice\node_modules\webdriverio\build\commands\browser\$.js:91:43)
                    at Context.&lt;anonymous> (C:\Users\Owner\Documents\Webdriver-io-Practice\test\specs\calculator.e2e.js:74:25)
                    at Context.executeAsync (C:\Users\Owner\Documents\Webdriver-io-Practice\node_modules\@wdio\utils\build\shim.js:333:27)
                    at Context.testFrameworkFnWrapper (C:\Users\Owner\Documents\Webdriver-io-Practice\node_modules\@wdio\utils\build\test-framework\testFnWrapper.js:51:32)</stack-trace>
            </failure>
        </test-case>
    </test-cases>
</ns2:test-suite>