<?xml version='1.0'?>
<ns2:test-suite xmlns:ns2='urn:model.allure.qatools.yandex.ru' start='1660228303429' stop='1660228308564'>
    <name>run the calculator</name>
    <title>run the calculator</title>
    <test-cases>
        <test-case start='1660228303432' status='passed' stop='1660228303445'>
            <name>Verify url</name>
            <title>Verify url</title>
            <labels>
                <label name='language' value='javascript'/>
                <label name='framework' value='wdio'/>
                <label name='thread' value='0-0'/>
            </labels>
            <parameters>
                <parameter kind='argument' name='browser' value='chrome-104.0.5112.81'/>
            </parameters>
            <steps>
                <step start='1660228303435' status='undefined'>
                    <name>POST /session/:sessionId/url</name>
                    <title>POST /session/:sessionId/url</title>
                    <attachments>
                        <attachment title='Request' source='e9522945-a933-41b3-8598-5db10467b265-attachment.json' type='application/json' size='80'/>
                    </attachments>
                    <steps/>
                </step>
            </steps>
            <attachments/>
        </test-case>
        <test-case start='1660228303447' status='passed' stop='1660228308075'>
            <name>should set value for current age element</name>
            <title>should set value for current age element</title>
            <labels>
                <label name='language' value='javascript'/>
                <label name='framework' value='wdio'/>
                <label name='thread' value='0-0'/>
            </labels>
            <parameters>
                <parameter kind='argument' name='browser' value='chrome-104.0.5112.81'/>
            </parameters>
            <steps>
                <step start='1660228303454' status='passed' stop='1660228307285'>
                    <name>POST /session/:sessionId/element</name>
                    <title>POST /session/:sessionId/element</title>
                    <attachments>
                        <attachment title='Request' source='ece3912d-9fce-4d53-a894-2dd727a677ae-attachment.json' type='application/json' size='56'/>
                    </attachments>
                    <steps/>
                </step>
                <step start='1660228307529' status='passed' stop='1660228307932'>
                    <name>POST /session/:sessionId/element/a948110a-d242-48a8-9127-449923e64ce6/clear</name>
                    <title>POST /session/:sessionId/element/a948110a-d242-48a8-9127-449923e64ce6/clear</title>
                    <attachments/>
                    <steps/>
                </step>
                <step start='1660228307936' status='passed' stop='1660228308061'>
                    <name>POST /session/:sessionId/element/a948110a-d242-48a8-9127-449923e64ce6/value</name>
                    <title>POST /session/:sessionId/element/a948110a-d242-48a8-9127-449923e64ce6/value</title>
                    <attachments>
                        <attachment title='Request' source='11625dc1-4959-4832-9f98-429f7aabea0f-attachment.json' type='application/json' size='18'/>
                    </attachments>
                    <steps/>
                </step>
                <step start='1660228308062' status='passed' stop='1660228308074'>
                    <name>GET /session/:sessionId/element/a948110a-d242-48a8-9127-449923e64ce6/property/value</name>
                    <title>GET /session/:sessionId/element/a948110a-d242-48a8-9127-449923e64ce6/property/value</title>
                    <attachments>
                        <attachment title='Response' source='8ba96594-8442-4cea-ba54-f0b8d4b8cc2a-attachment.json' type='application/json' size='4'/>
                    </attachments>
                    <steps/>
                </step>
            </steps>
            <attachments>
                <attachment title='Response' source='ba7406de-8ebf-469f-bf2b-9f399ad927b3-attachment.json' type='application/json' size='83'/>
            </attachments>
        </test-case>
        <test-case start='1660228308075' status='passed' stop='1660228308119'>
            <name>should get value for current age element</name>
            <title>should get value for current age element</title>
            <labels>
                <label name='language' value='javascript'/>
                <label name='framework' value='wdio'/>
                <label name='thread' value='0-0'/>
            </labels>
            <parameters>
                <parameter kind='argument' name='browser' value='chrome-104.0.5112.81'/>
            </parameters>
            <steps>
                <step start='1660228308079' status='passed' stop='1660228308099'>
                    <name>POST /session/:sessionId/element</name>
                    <title>POST /session/:sessionId/element</title>
                    <attachments>
                        <attachment title='Request' source='9f07f7b2-a68d-4c68-b867-1de90c122b35-attachment.json' type='application/json' size='56'/>
                        <attachment title='Response' source='821ebeeb-fbbc-429b-a18e-3efab5ad9c63-attachment.json' type='application/json' size='83'/>
                    </attachments>
                    <steps/>
                </step>
                <step start='1660228308104' status='passed' stop='1660228308118'>
                    <name>GET /session/:sessionId/element/a948110a-d242-48a8-9127-449923e64ce6/property/value</name>
                    <title>GET /session/:sessionId/element/a948110a-d242-48a8-9127-449923e64ce6/property/value</title>
                    <attachments>
                        <attachment title='Response' source='fd6eadb4-1b29-455a-9ba8-6f282f9e5358-attachment.json' type='application/json' size='4'/>
                    </attachments>
                    <steps/>
                </step>
            </steps>
            <attachments/>
        </test-case>
        <test-case start='1660228308119' status='broken' stop='1660228308243'>
            <name>should set value for what age do you plan to retire element</name>
            <title>should set value for what age do you plan to retire element</title>
            <labels>
                <label name='language' value='javascript'/>
                <label name='framework' value='wdio'/>
                <label name='thread' value='0-0'/>
            </labels>
            <parameters>
                <parameter kind='argument' name='browser' value='chrome-104.0.5112.81'/>
            </parameters>
            <steps>
                <step start='1660228308128' status='passed' stop='1660228308242'>
                    <name>GET /session/:sessionId/screenshot</name>
                    <title>GET /session/:sessionId/screenshot</title>
                    <attachments>
                        <attachment title='Screenshot' source='f5bd3b55-2d1e-40b2-a1e3-7d28bd62cf44-attachment.png' type='image/png' size='62333'/>
                    </attachments>
                    <steps/>
                </step>
            </steps>
            <attachments/>
            <failure>
                <message>clear is not defined</message>
                <stack-trace>ReferenceError: clear is not defined
                    at Context.&lt;anonymous> (C:\Users\Owner\Documents\Webdriver-io-Practice\test\specs\calculator.e2e.js:24:80)
                    at Context.executeAsync (C:\Users\Owner\Documents\Webdriver-io-Practice\node_modules\@wdio\utils\build\shim.js:333:27)
                    at Context.testFrameworkFnWrapper (C:\Users\Owner\Documents\Webdriver-io-Practice\node_modules\@wdio\utils\build\test-framework\testFnWrapper.js:51:32)</stack-trace>
            </failure>
        </test-case>
        <test-case start='1660228308243' status='broken' stop='1660228308558'>
            <name>should get value for what age do you plan to retire element</name>
            <title>should get value for what age do you plan to retire element</title>
            <labels>
                <label name='language' value='javascript'/>
                <label name='framework' value='wdio'/>
                <label name='thread' value='0-0'/>
            </labels>
            <parameters>
                <parameter kind='argument' name='browser' value='chrome-104.0.5112.81'/>
            </parameters>
            <steps>
                <step start='1660228308245' status='passed' stop='1660228308267'>
                    <name>POST /session/:sessionId/element</name>
                    <title>POST /session/:sessionId/element</title>
                    <attachments>
                        <attachment title='Request' source='b0e8609b-21dc-46a4-88d2-e24330ce8949-attachment.json' type='application/json' size='75'/>
                        <attachment title='Response' source='752c521f-984a-4e23-81ff-e0ce785400a2-attachment.json' type='application/json' size='1045'/>
                    </attachments>
                    <steps/>
                </step>
                <step start='1660228308271' status='passed' stop='1660228308554'>
                    <name>GET /session/:sessionId/screenshot</name>
                    <title>GET /session/:sessionId/screenshot</title>
                    <attachments>
                        <attachment title='Screenshot' source='43c3ea0a-25fe-4f44-8a40-09d6012a3925-attachment.png' type='image/png' size='62333'/>
                    </attachments>
                    <steps/>
                </step>
            </steps>
            <attachments/>
            <failure>
                <message>Cannot access 'whatagedoyouplantoretire' before initialization</message>
                <stack-trace>ReferenceError: Cannot access 'whatagedoyouplantoretire' before initialization
                    at Context.&lt;anonymous> (C:\Users\Owner\Documents\Webdriver-io-Practice\test\specs\calculator.e2e.js:31:38)
                    at processTicksAndRejections (node:internal/process/task_queues:96:5)</stack-trace>
            </failure>
        </test-case>
    </test-cases>
</ns2:test-suite>