<?xml version='1.0'?>
<ns2:test-suite xmlns:ns2='urn:model.allure.qatools.yandex.ru' start='1660664615929' stop='1660664643053'>
    <name>run the calculator</name>
    <title>run the calculator</title>
    <test-cases>
        <test-case start='1660664615932' status='passed' stop='1660664615966'>
            <name>Verify url</name>
            <title>Verify url</title>
            <labels>
                <label name='language' value='javascript'/>
                <label name='framework' value='wdio'/>
                <label name='thread' value='0-0'/>
            </labels>
            <parameters>
                <parameter kind='argument' name='browser' value='chrome-104.0.5112.81'/>
            </parameters>
            <steps>
                <step start='1660664615945' status='undefined'>
                    <name>POST /session/:sessionId/url</name>
                    <title>POST /session/:sessionId/url</title>
                    <attachments>
                        <attachment title='Request' source='c9275d4a-af7e-4b97-917e-c4d77f839e56-attachment.json' type='application/json' size='80'/>
                    </attachments>
                    <steps/>
                </step>
            </steps>
            <attachments/>
        </test-case>
        <test-case start='1660664615969' status='broken' stop='1660664632619'>
            <name>should set/get value for current age element</name>
            <title>should set/get value for current age element</title>
            <labels>
                <label name='language' value='javascript'/>
                <label name='framework' value='wdio'/>
                <label name='thread' value='0-0'/>
            </labels>
            <parameters>
                <parameter kind='argument' name='browser' value='chrome-104.0.5112.81'/>
            </parameters>
            <steps>
                <step start='1660664616194' status='passed' stop='1660664631911'>
                    <name>GET /session/:sessionId/screenshot</name>
                    <title>GET /session/:sessionId/screenshot</title>
                    <attachments/>
                    <steps/>
                </step>
            </steps>
            <attachments>
                <attachment title='Screenshot' source='40012923-fa57-4afb-9798-3113e612f085-attachment.png' type='image/png' size='299472'/>
            </attachments>
            <failure>
                <message>Cannot read properties of undefined (reading 'isDevTools')</message>
                <stack-trace>TypeError: Cannot read properties of undefined (reading 'isDevTools')
                    at findElement (C:\Users\Owner\Documents\Webdriver-io-Practice\node_modules\webdriverio\build\utils\index.js:216:15)
                    at $ (C:\Users\Owner\Documents\Webdriver-io-Practice\node_modules\webdriverio\build\commands\browser\$.js:91:43)
                    at Context.&lt;anonymous> (C:\Users\Owner\Documents\Webdriver-io-Practice\test\specs\calculator.e2e.js:14:35)
                    at Context.executeAsync (C:\Users\Owner\Documents\Webdriver-io-Practice\node_modules\@wdio\utils\build\shim.js:333:27)
                    at Context.testFrameworkFnWrapper (C:\Users\Owner\Documents\Webdriver-io-Practice\node_modules\@wdio\utils\build\test-framework\testFnWrapper.js:51:32)</stack-trace>
            </failure>
        </test-case>
        <test-case start='1660664632620' status='broken' stop='1660664636958'>
            <name>should set/get value for what age do you plan to retire element</name>
            <title>should set/get value for what age do you plan to retire element</title>
            <labels>
                <label name='language' value='javascript'/>
                <label name='framework' value='wdio'/>
                <label name='thread' value='0-0'/>
            </labels>
            <parameters>
                <parameter kind='argument' name='browser' value='chrome-104.0.5112.81'/>
            </parameters>
            <steps>
                <step start='1660664632652' status='passed' stop='1660664636955'>
                    <name>GET /session/:sessionId/screenshot</name>
                    <title>GET /session/:sessionId/screenshot</title>
                    <attachments>
                        <attachment title='Screenshot' source='83da72d8-fb12-4414-86d8-6d9c65643d98-attachment.png' type='image/png' size='299472'/>
                    </attachments>
                    <steps/>
                </step>
            </steps>
            <attachments/>
            <failure>
                <message>Cannot read properties of undefined (reading 'isDevTools')</message>
                <stack-trace>TypeError: Cannot read properties of undefined (reading 'isDevTools')
                    at findElement (C:\Users\Owner\Documents\Webdriver-io-Practice\node_modules\webdriverio\build\utils\index.js:216:15)
                    at $ (C:\Users\Owner\Documents\Webdriver-io-Practice\node_modules\webdriverio\build\commands\browser\$.js:91:43)
                    at Context.&lt;anonymous> (C:\Users\Owner\Documents\Webdriver-io-Practice\test\specs\calculator.e2e.js:29:38)
                    at Context.executeAsync (C:\Users\Owner\Documents\Webdriver-io-Practice\node_modules\@wdio\utils\build\shim.js:333:27)
                    at Context.testFrameworkFnWrapper (C:\Users\Owner\Documents\Webdriver-io-Practice\node_modules\@wdio\utils\build\test-framework\testFnWrapper.js:51:32)</stack-trace>
            </failure>
        </test-case>
        <test-case start='1660664636959' status='broken' stop='1660664638201'>
            <name>should set/get value for What is your current annual income element</name>
            <title>should set/get value for What is your current annual income element</title>
            <labels>
                <label name='language' value='javascript'/>
                <label name='framework' value='wdio'/>
                <label name='thread' value='0-0'/>
            </labels>
            <parameters>
                <parameter kind='argument' name='browser' value='chrome-104.0.5112.81'/>
            </parameters>
            <steps>
                <step start='1660664636978' status='passed' stop='1660664638199'>
                    <name>GET /session/:sessionId/screenshot</name>
                    <title>GET /session/:sessionId/screenshot</title>
                    <attachments>
                        <attachment title='Screenshot' source='13260d5c-5192-4443-a5f1-d2e9d608fd3c-attachment.png' type='image/png' size='299472'/>
                    </attachments>
                    <steps/>
                </step>
            </steps>
            <attachments/>
            <failure>
                <message>Cannot read properties of undefined (reading 'isDevTools')</message>
                <stack-trace>TypeError: Cannot read properties of undefined (reading 'isDevTools')
                    at findElement (C:\Users\Owner\Documents\Webdriver-io-Practice\node_modules\webdriverio\build\utils\index.js:216:15)
                    at $ (C:\Users\Owner\Documents\Webdriver-io-Practice\node_modules\webdriverio\build\commands\browser\$.js:91:43)
                    at Context.&lt;anonymous> (C:\Users\Owner\Documents\Webdriver-io-Practice\test\specs\calculator.e2e.js:37:38)
                    at Context.executeAsync (C:\Users\Owner\Documents\Webdriver-io-Practice\node_modules\@wdio\utils\build\shim.js:333:27)
                    at Context.testFrameworkFnWrapper (C:\Users\Owner\Documents\Webdriver-io-Practice\node_modules\@wdio\utils\build\test-framework\testFnWrapper.js:51:32)</stack-trace>
            </failure>
        </test-case>
        <test-case start='1660664638208' status='broken' stop='1660664639216'>
            <name>should set/get value for What is your spouses annual income</name>
            <title>should set/get value for What is your spouses annual income</title>
            <labels>
                <label name='language' value='javascript'/>
                <label name='framework' value='wdio'/>
                <label name='thread' value='0-0'/>
            </labels>
            <parameters>
                <parameter kind='argument' name='browser' value='chrome-104.0.5112.81'/>
            </parameters>
            <steps>
                <step start='1660664638226' status='passed' stop='1660664639194'>
                    <name>GET /session/:sessionId/screenshot</name>
                    <title>GET /session/:sessionId/screenshot</title>
                    <attachments>
                        <attachment title='Screenshot' source='b4e13a88-90cb-4176-acec-10c679f589a3-attachment.png' type='image/png' size='299472'/>
                    </attachments>
                    <steps/>
                </step>
            </steps>
            <attachments/>
            <failure>
                <message>Cannot read properties of undefined (reading 'isDevTools')</message>
                <stack-trace>TypeError: Cannot read properties of undefined (reading 'isDevTools')
                    at findElement (C:\Users\Owner\Documents\Webdriver-io-Practice\node_modules\webdriverio\build\utils\index.js:216:15)
                    at $ (C:\Users\Owner\Documents\Webdriver-io-Practice\node_modules\webdriverio\build\commands\browser\$.js:91:43)
                    at Context.&lt;anonymous> (C:\Users\Owner\Documents\Webdriver-io-Practice\test\specs\calculator.e2e.js:46:37)
                    at Context.executeAsync (C:\Users\Owner\Documents\Webdriver-io-Practice\node_modules\@wdio\utils\build\shim.js:333:27)
                    at Context.testFrameworkFnWrapper (C:\Users\Owner\Documents\Webdriver-io-Practice\node_modules\@wdio\utils\build\test-framework\testFnWrapper.js:51:32)</stack-trace>
            </failure>
        </test-case>
        <test-case start='1660664639217' status='broken' stop='1660664640357'>
            <name>should set/get value for What is your current retirement savings balance</name>
            <title>should set/get value for What is your current retirement savings balance</title>
            <labels>
                <label name='language' value='javascript'/>
                <label name='framework' value='wdio'/>
                <label name='thread' value='0-0'/>
            </labels>
            <parameters>
                <parameter kind='argument' name='browser' value='chrome-104.0.5112.81'/>
            </parameters>
            <steps>
                <step start='1660664639222' status='passed' stop='1660664640353'>
                    <name>GET /session/:sessionId/screenshot</name>
                    <title>GET /session/:sessionId/screenshot</title>
                    <attachments>
                        <attachment title='Screenshot' source='89d194c0-4610-4f74-86e5-092bbdebdb66-attachment.png' type='image/png' size='299472'/>
                    </attachments>
                    <steps/>
                </step>
            </steps>
            <attachments/>
            <failure>
                <message>Cannot read properties of undefined (reading 'isDevTools')</message>
                <stack-trace>TypeError: Cannot read properties of undefined (reading 'isDevTools')
                    at findElement (C:\Users\Owner\Documents\Webdriver-io-Practice\node_modules\webdriverio\build\utils\index.js:216:15)
                    at $ (C:\Users\Owner\Documents\Webdriver-io-Practice\node_modules\webdriverio\build\commands\browser\$.js:91:43)
                    at Context.&lt;anonymous> (C:\Users\Owner\Documents\Webdriver-io-Practice\test\specs\calculator.e2e.js:54:44)
                    at Context.executeAsync (C:\Users\Owner\Documents\Webdriver-io-Practice\node_modules\@wdio\utils\build\shim.js:333:27)
                    at Context.testFrameworkFnWrapper (C:\Users\Owner\Documents\Webdriver-io-Practice\node_modules\@wdio\utils\build\test-framework\testFnWrapper.js:51:32)</stack-trace>
            </failure>
        </test-case>
        <test-case start='1660664640367' status='broken' stop='1660664641646'>
            <name>should set/get value for How much are you currently saving each year for retirement</name>
            <title>should set/get value for How much are you currently saving each year for retirement</title>
            <labels>
                <label name='language' value='javascript'/>
                <label name='framework' value='wdio'/>
                <label name='thread' value='0-0'/>
            </labels>
            <parameters>
                <parameter kind='argument' name='browser' value='chrome-104.0.5112.81'/>
            </parameters>
            <steps>
                <step start='1660664640378' status='passed' stop='1660664641644'>
                    <name>GET /session/:sessionId/screenshot</name>
                    <title>GET /session/:sessionId/screenshot</title>
                    <attachments>
                        <attachment title='Screenshot' source='af2b3663-73d2-4338-a074-b0653c6efc1c-attachment.png' type='image/png' size='299472'/>
                    </attachments>
                    <steps/>
                </step>
            </steps>
            <attachments/>
            <failure>
                <message>Cannot read properties of undefined (reading 'isDevTools')</message>
                <stack-trace>TypeError: Cannot read properties of undefined (reading 'isDevTools')
                    at findElement (C:\Users\Owner\Documents\Webdriver-io-Practice\node_modules\webdriverio\build\utils\index.js:216:15)
                    at $ (C:\Users\Owner\Documents\Webdriver-io-Practice\node_modules\webdriverio\build\commands\browser\$.js:91:43)
                    at Context.&lt;anonymous> (C:\Users\Owner\Documents\Webdriver-io-Practice\test\specs\calculator.e2e.js:61:45)
                    at Context.executeAsync (C:\Users\Owner\Documents\Webdriver-io-Practice\node_modules\@wdio\utils\build\shim.js:333:27)
                    at Context.testFrameworkFnWrapper (C:\Users\Owner\Documents\Webdriver-io-Practice\node_modules\@wdio\utils\build\test-framework\testFnWrapper.js:51:32)</stack-trace>
            </failure>
        </test-case>
        <test-case start='1660664641649' status='broken' stop='1660664642357'>
            <name>should set/get value for What is the rate of increase in your savings each year</name>
            <title>should set/get value for What is the rate of increase in your savings each year</title>
            <labels>
                <label name='language' value='javascript'/>
                <label name='framework' value='wdio'/>
                <label name='thread' value='0-0'/>
            </labels>
            <parameters>
                <parameter kind='argument' name='browser' value='chrome-104.0.5112.81'/>
            </parameters>
            <steps>
                <step start='1660664641655' status='passed' stop='1660664642344'>
                    <name>GET /session/:sessionId/screenshot</name>
                    <title>GET /session/:sessionId/screenshot</title>
                    <attachments>
                        <attachment title='Screenshot' source='5601b2b7-df6c-40fe-ac57-e685ffe6e91e-attachment.png' type='image/png' size='299472'/>
                    </attachments>
                    <steps/>
                </step>
            </steps>
            <attachments/>
            <failure>
                <message>Cannot read properties of undefined (reading 'isDevTools')</message>
                <stack-trace>TypeError: Cannot read properties of undefined (reading 'isDevTools')
                    at findElement (C:\Users\Owner\Documents\Webdriver-io-Practice\node_modules\webdriverio\build\utils\index.js:216:15)
                    at $ (C:\Users\Owner\Documents\Webdriver-io-Practice\node_modules\webdriverio\build\commands\browser\$.js:91:43)
                    at Context.&lt;anonymous> (C:\Users\Owner\Documents\Webdriver-io-Practice\test\specs\calculator.e2e.js:67:44)
                    at Context.executeAsync (C:\Users\Owner\Documents\Webdriver-io-Practice\node_modules\@wdio\utils\build\shim.js:333:27)
                    at Context.testFrameworkFnWrapper (C:\Users\Owner\Documents\Webdriver-io-Practice\node_modules\@wdio\utils\build\test-framework\testFnWrapper.js:51:32)</stack-trace>
            </failure>
        </test-case>
        <test-case start='1660664642359' status='broken' stop='1660664643045'>
            <name>should detect we include Social Security benefits is selected</name>
            <title>should detect we include Social Security benefits is selected</title>
            <labels>
                <label name='language' value='javascript'/>
                <label name='framework' value='wdio'/>
                <label name='thread' value='0-0'/>
            </labels>
            <parameters>
                <parameter kind='argument' name='browser' value='chrome-104.0.5112.81'/>
            </parameters>
            <steps>
                <step start='1660664642368' status='passed' stop='1660664643045'>
                    <name>GET /session/:sessionId/screenshot</name>
                    <title>GET /session/:sessionId/screenshot</title>
                    <attachments>
                        <attachment title='Screenshot' source='20e1761e-d979-409c-b79c-81b023ef0e8e-attachment.png' type='image/png' size='299472'/>
                    </attachments>
                    <steps/>
                </step>
            </steps>
            <attachments/>
            <failure>
                <message>Cannot read properties of undefined (reading 'isDevTools')</message>
                <stack-trace>TypeError: Cannot read properties of undefined (reading 'isDevTools')
                    at findElement (C:\Users\Owner\Documents\Webdriver-io-Practice\node_modules\webdriverio\build\utils\index.js:216:15)
                    at $ (C:\Users\Owner\Documents\Webdriver-io-Practice\node_modules\webdriverio\build\commands\browser\$.js:91:43)
                    at Context.&lt;anonymous> (C:\Users\Owner\Documents\Webdriver-io-Practice\test\specs\calculator.e2e.js:74:25)
                    at Context.executeAsync (C:\Users\Owner\Documents\Webdriver-io-Practice\node_modules\@wdio\utils\build\shim.js:333:27)
                    at Context.testFrameworkFnWrapper (C:\Users\Owner\Documents\Webdriver-io-Practice\node_modules\@wdio\utils\build\test-framework\testFnWrapper.js:51:32)</stack-trace>
            </failure>
        </test-case>
    </test-cases>
</ns2:test-suite>